Change Component Designator: OldDesignator=R4 NewDesignator=R5
Change Component Designator: OldDesignator=R5 NewDesignator=R6
Change Component Designator: OldDesignator=R6 NewDesignator=R7
Change Component Designator: OldDesignator=R7 NewDesignator=R9
Change Component Designator: OldDesignator=R8 NewDesignator=R10
Change Component Designator: OldDesignator=R9 NewDesignator=R11
Change Component Designator: OldDesignator=R10 NewDesignator=R12
Change Component Designator: OldDesignator=R11 NewDesignator=R13
Change Component Designator: OldDesignator=R12 NewDesignator=R14
Change Component Designator: OldDesignator=R13 NewDesignator=R15
Change Component Designator: OldDesignator=R14 NewDesignator=R16
Change Component Designator: OldDesignator=R15 NewDesignator=R17
Change Component Designator: OldDesignator=R16 NewDesignator=R18
Change Component Designator: OldDesignator=R17 NewDesignator=R19
Change Component Designator: OldDesignator=R18 NewDesignator=R20
Change Component Designator: OldDesignator=R19 NewDesignator=R21
Change Component Designator: OldDesignator=R20 NewDesignator=R22
Change Component Designator: OldDesignator=R21 NewDesignator=R23
Change Component Designator: OldDesignator=R22 NewDesignator=R24
Change Component Designator: OldDesignator=R23 NewDesignator=R25
Added Component: Designator=R4(RESC0603(1608)_L)
Add component. Clean all parameters for all variants
Add component (AddParameter): Name = "Case-EIA"; Value = "0603"; VariantName = "[No Variations]"
Add component (AddParameter): Name = "Case-Metric"; Value = "1608"; VariantName = "[No Variations]"
Add component (AddParameter): Name = "Power"; Value = "0.1 W"; VariantName = "[No Variations]"
Add component (AddParameter): Name = "Technology"; Value = "SMT"; VariantName = "[No Variations]"
Add component (AddParameter): Name = "Tolerance"; Value = "1 %"; VariantName = "[No Variations]"
Add component (AddParameter): Name = "Value"; Value = "1500.00 Ohm"; VariantName = "[No Variations]"
Added Component: Designator=R8(RESC0603(1608)_M)
Add component. Clean all parameters for all variants
Add component (AddParameter): Name = "Case-EIA"; Value = "0603"; VariantName = "[No Variations]"
Add component (AddParameter): Name = "Case-Metric"; Value = "1608"; VariantName = "[No Variations]"
Add component (AddParameter): Name = "Power"; Value = "0.1 W"; VariantName = "[No Variations]"
Add component (AddParameter): Name = "Technology"; Value = "SMT"; VariantName = "[No Variations]"
Add component (AddParameter): Name = "Tolerance"; Value = "1 %"; VariantName = "[No Variations]"
Add component (AddParameter): Name = "Value"; Value = "100000.00 Ohm"; VariantName = "[No Variations]"
Added Pin To Net: NetName=NetJ1_3 Pin=R4-1
Added Pin To Net: NetName=+3V3 Pin=R4-2
Added Pin To Net: NetName=GND Pin=R8-1
Change Net Name : Old Net Name=NetR5_2 New Net Name=NetR6_2
Change Net Name : Old Net Name=NetR6_2 New Net Name=NetR7_2
Change Net Name : Old Net Name=NetR7_2 New Net Name=NetR9_2
Change Net Name : Old Net Name=NetR8_2 New Net Name=NetR10_2
Change Net Name : Old Net Name=NetR9_2 New Net Name=NetR11_2
Change Net Name : Old Net Name=NetR18_2 New Net Name=NetR20_2
Change Net Name : Old Net Name=NetR19_2 New Net Name=NetR21_2
Change Net Name : Old Net Name=NetR20_2 New Net Name=NetR22_2
Change Net Name : Old Net Name=NetR21_2 New Net Name=NetR23_2
Added Pin To Net: NetName=NetJ1_4 Pin=J1-4
Added Pin To Net: NetName=NetJ1_4 Pin=R8-2
Added Net: Name=NetJ1_4
Added Member To Class: ClassName=1_MCU Member=Component R16 22R
Added Member To Class: ClassName=1_MCU Member=Component R17 22R
